# JRE version: OpenJDK Runtime Environment (11.0.12+7) (build 11.0.12+7-b1504.28-7817840)
# Java VM: OpenJDK 64-Bit Server VM (11.0.12+7-b1504.28-7817840, mixed mode, tiered, compressed oops, g1 gc, windows-amd64)
Heap:
 garbage-first heap   total 114688K, used 62020K [0x00000000c0c00000, 0x0000000100000000)
  region size 1024K, 14 young (14336K), 2 survivors (2048K)
 Metaspace       used 62996K, capacity 63640K, committed 63696K, reserved 1105920K
  class space    used 6985K, capacity 7255K, committed 7296K, reserved 1048576K
GC Heap History (20 events):
Event: 2.220 GC heap before
{Heap before GC invocations=5 (full 0):
 garbage-first heap   total 65536K, used 39713K [0x00000000c0c00000, 0x0000000100000000)
  region size 1024K, 26 young (26624K), 3 survivors (3072K)
 Metaspace       used 31799K, capacity 32280K, committed 32560K, reserved 1077248K
  class space    used 3991K, capacity 4183K, committed 4224K, reserved 1048576K
}
Event: 2.230 GC heap after
{Heap after GC invocations=6 (full 0):
 garbage-first heap   total 78848K, used 20269K [0x00000000c0c00000, 0x0000000100000000)
  region size 1024K, 4 young (4096K), 4 survivors (4096K)
 Metaspace       used 31799K, capacity 32280K, committed 32560K, reserved 1077248K
  class space    used 3991K, capacity 4183K, committed 4224K, reserved 1048576K
}
Event: 2.670 GC heap before
{Heap before GC invocations=6 (full 0):
 garbage-first heap   total 78848K, used 36653K [0x00000000c0c00000, 0x0000000100000000)
  region size 1024K, 21 young (21504K), 4 survivors (4096K)
 Metaspace       used 35347K, capacity 35811K, committed 35920K, reserved 1081344K
  class space    used 4369K, capacity 4571K, committed 4608K, reserved 1048576K
}
Event: 2.681 GC heap after
{Heap after GC invocations=7 (full 0):
 garbage-first heap   total 78848K, used 19925K [0x00000000c0c00000, 0x0000000100000000)
  region size 1024K, 2 young (2048K), 2 survivors (2048K)
 Metaspace       used 35347K, capacity 35811K, committed 35920K, reserved 1081344K
  class space    used 4369K, capacity 4571K, committed 4608K, reserved 1048576K
}
Event: 3.013 GC heap before
{Heap before GC invocations=8 (full 0):
 garbage-first heap   total 78848K, used 44501K [0x00000000c0c00000, 0x0000000100000000)
  region size 1024K, 27 young (27648K), 2 survivors (2048K)
 Metaspace       used 39982K, capacity 40489K, committed 40784K, reserved 1085440K
  class space    used 4794K, capacity 4997K, committed 5120K, reserved 1048576K
}
Event: 3.019 GC heap after
{Heap after GC invocations=9 (full 0):
 garbage-first heap   total 78848K, used 23186K [0x00000000c0c00000, 0x0000000100000000)
  region size 1024K, 4 young (4096K), 4 survivors (4096K)
 Metaspace       used 39982K, capacity 40489K, committed 40784K, reserved 1085440K
  class space    used 4794K, capacity 4997K, committed 5120K, reserved 1048576K
}
Event: 4.420 GC heap before
{Heap before GC invocations=9 (full 0):
 garbage-first heap   total 78848K, used 49810K [0x00000000c0c00000, 0x0000000100000000)
  region size 1024K, 29 young (29696K), 4 survivors (4096K)
 Metaspace       used 46577K, capacity 47058K, committed 47312K, reserved 1091584K
  class space    used 5499K, capacity 5685K, committed 5760K, reserved 1048576K
}
Event: 4.429 GC heap after
{Heap after GC invocations=10 (full 0):
 garbage-first heap   total 78848K, used 27252K [0x00000000c0c00000, 0x0000000100000000)
  region size 1024K, 3 young (3072K), 3 survivors (3072K)
 Metaspace       used 46577K, capacity 47058K, committed 47312K, reserved 1091584K
  class space    used 5499K, capacity 5685K, committed 5760K, reserved 1048576K
}
Event: 4.824 GC heap before
{Heap before GC invocations=10 (full 0):
 garbage-first heap   total 78848K, used 51828K [0x00000000c0c00000, 0x0000000100000000)
  region size 1024K, 27 young (27648K), 3 survivors (3072K)
 Metaspace       used 47930K, capacity 48446K, committed 48720K, reserved 1091584K
  class space    used 5631K, capacity 5823K, committed 5888K, reserved 1048576K
}
Event: 4.834 GC heap after
{Heap after GC invocations=11 (full 0):
 garbage-first heap   total 95232K, used 33335K [0x00000000c0c00000, 0x0000000100000000)
  region size 1024K, 4 young (4096K), 4 survivors (4096K)
 Metaspace       used 47930K, capacity 48446K, committed 48720K, reserved 1091584K
  class space    used 5631K, capacity 5823K, committed 5888K, reserved 1048576K
}
Event: 5.575 GC heap before
{Heap before GC invocations=11 (full 0):
 garbage-first heap   total 95232K, used 62007K [0x00000000c0c00000, 0x0000000100000000)
  region size 1024K, 32 young (32768K), 4 survivors (4096K)
 Metaspace       used 50039K, capacity 50575K, committed 50640K, reserved 1093632K
  class space    used 5763K, capacity 5956K, committed 6016K, reserved 1048576K
}
Event: 5.587 GC heap after
{Heap after GC invocations=12 (full 0):
 garbage-first heap   total 95232K, used 37607K [0x00000000c0c00000, 0x0000000100000000)
  region size 1024K, 4 young (4096K), 4 survivors (4096K)
 Metaspace       used 50039K, capacity 50575K, committed 50640K, reserved 1093632K
  class space    used 5763K, capacity 5956K, committed 6016K, reserved 1048576K
}
Event: 6.814 GC heap before
{Heap before GC invocations=12 (full 0):
 garbage-first heap   total 95232K, used 65255K [0x00000000c0c00000, 0x0000000100000000)
  region size 1024K, 31 young (31744K), 4 survivors (4096K)
 Metaspace       used 50690K, capacity 51257K, committed 51408K, reserved 1095680K
  class space    used 5785K, capacity 5991K, committed 6016K, reserved 1048576K
}
Event: 6.830 GC heap after
{Heap after GC invocations=13 (full 0):
 garbage-first heap   total 95232K, used 42738K [0x00000000c0c00000, 0x0000000100000000)
  region size 1024K, 4 young (4096K), 4 survivors (4096K)
 Metaspace       used 50690K, capacity 51257K, committed 51408K, reserved 1095680K
  class space    used 5785K, capacity 5991K, committed 6016K, reserved 1048576K
}
Event: 7.399 GC heap before
{Heap before GC invocations=13 (full 0):
 garbage-first heap   total 95232K, used 67314K [0x00000000c0c00000, 0x0000000100000000)
  region size 1024K, 29 young (29696K), 4 survivors (4096K)
 Metaspace       used 53412K, capacity 53995K, committed 54096K, reserved 1097728K
  class space    used 6100K, capacity 6328K, committed 6400K, reserved 1048576K
}
Event: 7.410 GC heap after
{Heap after GC invocations=14 (full 0):
 garbage-first heap   total 95232K, used 45056K [0x00000000c0c00000, 0x0000000100000000)
  region size 1024K, 2 young (2048K), 2 survivors (2048K)
 Metaspace       used 53412K, capacity 53995K, committed 54096K, reserved 1097728K
  class space    used 6100K, capacity 6328K, committed 6400K, reserved 1048576K
}
Event: 10.274 GC heap before
{Heap before GC invocations=14 (full 0):
 garbage-first heap   total 95232K, used 69632K [0x00000000c0c00000, 0x0000000100000000)
  region size 1024K, 27 young (27648K), 2 survivors (2048K)
 Metaspace       used 56549K, capacity 57156K, committed 57424K, reserved 1099776K
  class space    used 6366K, capacity 6608K, committed 6656K, reserved 1048576K
}
Event: 10.287 GC heap after
{Heap after GC invocations=15 (full 0):
 garbage-first heap   total 114688K, used 48549K [0x00000000c0c00000, 0x0000000100000000)
  region size 1024K, 4 young (4096K), 4 survivors (4096K)
 Metaspace       used 56549K, capacity 57156K, committed 57424K, reserved 1099776K
  class space    used 6366K, capacity 6608K, committed 6656K, reserved 1048576K
}
Event: 11.220 GC heap before
{Heap before GC invocations=16 (full 0):
 garbage-first heap   total 114688K, used 79269K [0x00000000c0c00000, 0x0000000100000000)
  region size 1024K, 34 young (34816K), 4 survivors (4096K)
 Metaspace       used 62706K, capacity 63352K, committed 63440K, reserved 1105920K
  class space    used 6972K, capacity 7223K, committed 7296K, reserved 1048576K
}
Event: 11.230 GC heap after
{Heap after GC invocations=17 (full 0):
 garbage-first heap   total 114688K, used 50756K [0x00000000c0c00000, 0x0000000100000000)
  region size 1024K, 2 young (2048K), 2 survivors (2048K)
 Metaspace       used 62706K, capacity 63352K, committed 63440K, reserved 1105920K
  class space    used 6972K, capacity 7223K, committed 7296K, reserved 1048576K
}

