# JRE version: OpenJDK Runtime Environment (11.0.12+7) (build 11.0.12+7-b1504.28-7817840)
# Java VM: OpenJDK 64-Bit Server VM (11.0.12+7-b1504.28-7817840, mixed mode, tiered, compressed oops, g1 gc, windows-amd64)
Heap:
 garbage-first heap   total 371712K, used 256830K [0x0000000080000000, 0x0000000100000000)
  region size 1024K, 81 young (82944K), 6 survivors (6144K)
 Metaspace       used 143266K, capacity 146602K, committed 147200K, reserved 1177600K
  class space    used 17680K, capacity 18967K, committed 19200K, reserved 1048576K
GC Heap History (20 events):
Event: 2634.533 GC heap before
{Heap before GC invocations=136 (full 0):
 garbage-first heap   total 293888K, used 216239K [0x0000000080000000, 0x0000000100000000)
  region size 1024K, 79 young (80896K), 1 survivors (1024K)
 Metaspace       used 127127K, capacity 129784K, committed 130560K, reserved 1163264K
  class space    used 15636K, capacity 16619K, committed 16896K, reserved 1048576K
}
Event: 2634.539 GC heap after
{Heap after GC invocations=137 (full 0):
 garbage-first heap   total 293888K, used 134735K [0x0000000080000000, 0x0000000100000000)
  region size 1024K, 2 young (2048K), 2 survivors (2048K)
 Metaspace       used 127127K, capacity 129784K, committed 130560K, reserved 1163264K
  class space    used 15636K, capacity 16619K, committed 16896K, reserved 1048576K
}
Event: 2636.417 GC heap before
{Heap before GC invocations=137 (full 0):
 garbage-first heap   total 293888K, used 219727K [0x0000000080000000, 0x0000000100000000)
  region size 1024K, 86 young (88064K), 2 survivors (2048K)
 Metaspace       used 129624K, capacity 132326K, committed 132864K, reserved 1165312K
  class space    used 15929K, capacity 16930K, committed 17152K, reserved 1048576K
}
Event: 2636.429 GC heap after
{Heap after GC invocations=138 (full 0):
 garbage-first heap   total 293888K, used 139805K [0x0000000080000000, 0x0000000100000000)
  region size 1024K, 7 young (7168K), 7 survivors (7168K)
 Metaspace       used 129624K, capacity 132326K, committed 132864K, reserved 1165312K
  class space    used 15929K, capacity 16930K, committed 17152K, reserved 1048576K
}
Event: 2636.984 GC heap before
{Heap before GC invocations=138 (full 0):
 garbage-first heap   total 293888K, used 224797K [0x0000000080000000, 0x0000000100000000)
  region size 1024K, 91 young (93184K), 7 survivors (7168K)
 Metaspace       used 134452K, capacity 137289K, committed 137472K, reserved 1169408K
  class space    used 16567K, capacity 17632K, committed 17664K, reserved 1048576K
}
Event: 2637.025 GC heap after
{Heap after GC invocations=139 (full 0):
 garbage-first heap   total 293888K, used 156257K [0x0000000080000000, 0x0000000100000000)
  region size 1024K, 12 young (12288K), 12 survivors (12288K)
 Metaspace       used 134452K, capacity 137289K, committed 137472K, reserved 1169408K
  class space    used 16567K, capacity 17632K, committed 17664K, reserved 1048576K
}
Event: 2637.305 GC heap before
{Heap before GC invocations=139 (full 0):
 garbage-first heap   total 293888K, used 229985K [0x0000000080000000, 0x0000000100000000)
  region size 1024K, 85 young (87040K), 12 survivors (12288K)
 Metaspace       used 136021K, capacity 138975K, committed 139136K, reserved 1171456K
  class space    used 16796K, capacity 17953K, committed 18048K, reserved 1048576K
}
Event: 2637.355 GC heap after
{Heap after GC invocations=140 (full 0):
 garbage-first heap   total 371712K, used 165155K [0x0000000080000000, 0x0000000100000000)
  region size 1024K, 11 young (11264K), 11 survivors (11264K)
 Metaspace       used 136021K, capacity 138975K, committed 139136K, reserved 1171456K
  class space    used 16796K, capacity 17953K, committed 18048K, reserved 1048576K
}
Event: 2639.012 GC heap before
{Heap before GC invocations=141 (full 0):
 garbage-first heap   total 371712K, used 265507K [0x0000000080000000, 0x0000000100000000)
  region size 1024K, 110 young (112640K), 11 survivors (11264K)
 Metaspace       used 140502K, capacity 143777K, committed 144000K, reserved 1175552K
  class space    used 17489K, capacity 18759K, committed 18816K, reserved 1048576K
}
Event: 2639.078 GC heap after
{Heap after GC invocations=142 (full 0):
 garbage-first heap   total 371712K, used 177065K [0x0000000080000000, 0x0000000100000000)
  region size 1024K, 12 young (12288K), 12 survivors (12288K)
 Metaspace       used 140502K, capacity 143777K, committed 144000K, reserved 1175552K
  class space    used 17489K, capacity 18759K, committed 18816K, reserved 1048576K
}
Event: 2639.572 GC heap before
{Heap before GC invocations=142 (full 0):
 garbage-first heap   total 371712K, used 276393K [0x0000000080000000, 0x0000000100000000)
  region size 1024K, 110 young (112640K), 12 survivors (12288K)
 Metaspace       used 142343K, capacity 145755K, committed 145920K, reserved 1175552K
  class space    used 17732K, capacity 19081K, committed 19200K, reserved 1048576K
}
Event: 2639.590 GC heap after
{Heap after GC invocations=143 (full 0):
 garbage-first heap   total 371712K, used 179456K [0x0000000080000000, 0x0000000100000000)
  region size 1024K, 3 young (3072K), 3 survivors (3072K)
 Metaspace       used 142343K, capacity 145755K, committed 145920K, reserved 1175552K
  class space    used 17732K, capacity 19081K, committed 19200K, reserved 1048576K
}
Event: 2640.476 GC heap before
{Heap before GC invocations=144 (full 0):
 garbage-first heap   total 371712K, used 282880K [0x0000000080000000, 0x0000000100000000)
  region size 1024K, 104 young (106496K), 3 survivors (3072K)
 Metaspace       used 142862K, capacity 146106K, committed 146688K, reserved 1177600K
  class space    used 17662K, capacity 18923K, committed 19200K, reserved 1048576K
}
Event: 2640.480 GC heap after
{Heap after GC invocations=145 (full 0):
 garbage-first heap   total 371712K, used 178388K [0x0000000080000000, 0x0000000100000000)
  region size 1024K, 2 young (2048K), 2 survivors (2048K)
 Metaspace       used 142862K, capacity 146106K, committed 146688K, reserved 1177600K
  class space    used 17662K, capacity 18923K, committed 19200K, reserved 1048576K
}
Event: 2640.511 GC heap before
{Heap before GC invocations=145 (full 0):
 garbage-first heap   total 371712K, used 194772K [0x0000000080000000, 0x0000000100000000)
  region size 1024K, 18 young (18432K), 2 survivors (2048K)
 Metaspace       used 142866K, capacity 146108K, committed 146688K, reserved 1177600K
  class space    used 17662K, capacity 18923K, committed 19200K, reserved 1048576K
}
Event: 2640.516 GC heap after
{Heap after GC invocations=146 (full 0):
 garbage-first heap   total 371712K, used 177306K [0x0000000080000000, 0x0000000100000000)
  region size 1024K, 2 young (2048K), 2 survivors (2048K)
 Metaspace       used 142866K, capacity 146108K, committed 146688K, reserved 1177600K
  class space    used 17662K, capacity 18923K, committed 19200K, reserved 1048576K
}
Event: 2640.782 GC heap before
{Heap before GC invocations=146 (full 0):
 garbage-first heap   total 371712K, used 287898K [0x0000000080000000, 0x0000000100000000)
  region size 1024K, 110 young (112640K), 2 survivors (2048K)
 Metaspace       used 143039K, capacity 146319K, committed 146944K, reserved 1177600K
  class space    used 17664K, capacity 18924K, committed 19200K, reserved 1048576K
}
Event: 2640.787 GC heap after
{Heap after GC invocations=147 (full 0):
 garbage-first heap   total 371712K, used 177816K [0x0000000080000000, 0x0000000100000000)
  region size 1024K, 3 young (3072K), 3 survivors (3072K)
 Metaspace       used 143039K, capacity 146319K, committed 146944K, reserved 1177600K
  class space    used 17664K, capacity 18924K, committed 19200K, reserved 1048576K
}
Event: 2641.040 GC heap before
{Heap before GC invocations=147 (full 0):
 garbage-first heap   total 371712K, used 291480K [0x0000000080000000, 0x0000000100000000)
  region size 1024K, 115 young (117760K), 3 survivors (3072K)
 Metaspace       used 143234K, capacity 146531K, committed 147200K, reserved 1177600K
  class space    used 17680K, capacity 18966K, committed 19200K, reserved 1048576K
}
Event: 2641.081 GC heap after
{Heap after GC invocations=148 (full 0):
 garbage-first heap   total 371712K, used 181054K [0x0000000080000000, 0x0000000100000000)
  region size 1024K, 6 young (6144K), 6 survivors (6144K)
 Metaspace       used 143234K, capacity 146531K, committed 147200K, reserved 1177600K
  class space    used 17680K, capacity 18966K, committed 19200K, reserved 1048576K
}

