# JRE version: OpenJDK Runtime Environment (11.0.12+7) (build 11.0.12+7-b1504.28-7817840)
# Java VM: OpenJDK 64-Bit Server VM (11.0.12+7-b1504.28-7817840, mixed mode, tiered, compressed oops, g1 gc, windows-amd64)
Heap:
 garbage-first heap   total 98304K, used 69632K [0x00000000c0c00000, 0x0000000100000000)
  region size 1024K, 33 young (33792K), 5 survivors (5120K)
 Metaspace       used 54098K, capacity 54665K, committed 54992K, reserved 1097728K
  class space    used 6196K, capacity 6403K, committed 6528K, reserved 1048576K
GC Heap History (20 events):
Event: 0.772 GC heap before
{Heap before GC invocations=1 (full 0):
 garbage-first heap   total 65536K, used 42068K [0x00000000c0c00000, 0x0000000100000000)
  region size 1024K, 38 young (38912K), 2 survivors (2048K)
 Metaspace       used 18422K, capacity 18638K, committed 18688K, reserved 1067008K
  class space    used 1911K, capacity 2005K, committed 2048K, reserved 1048576K
}
Event: 0.780 GC heap after
{Heap after GC invocations=2 (full 0):
 garbage-first heap   total 65536K, used 8663K [0x00000000c0c00000, 0x0000000100000000)
  region size 1024K, 5 young (5120K), 5 survivors (5120K)
 Metaspace       used 18422K, capacity 18638K, committed 18688K, reserved 1067008K
  class space    used 1911K, capacity 2005K, committed 2048K, reserved 1048576K
}
Event: 0.868 GC heap before
{Heap before GC invocations=2 (full 0):
 garbage-first heap   total 65536K, used 17879K [0x00000000c0c00000, 0x0000000100000000)
  region size 1024K, 15 young (15360K), 5 survivors (5120K)
 Metaspace       used 20872K, capacity 21087K, committed 21296K, reserved 1069056K
  class space    used 2219K, capacity 2312K, committed 2432K, reserved 1048576K
}
Event: 0.877 GC heap after
{Heap after GC invocations=3 (full 0):
 garbage-first heap   total 65536K, used 9569K [0x00000000c0c00000, 0x0000000100000000)
  region size 1024K, 1 young (1024K), 1 survivors (1024K)
 Metaspace       used 20872K, capacity 21087K, committed 21296K, reserved 1069056K
  class space    used 2219K, capacity 2312K, committed 2432K, reserved 1048576K
}
Event: 1.194 GC heap before
{Heap before GC invocations=4 (full 0):
 garbage-first heap   total 65536K, used 35169K [0x00000000c0c00000, 0x0000000100000000)
  region size 1024K, 24 young (24576K), 1 survivors (1024K)
 Metaspace       used 28021K, capacity 28444K, committed 28592K, reserved 1075200K
  class space    used 3072K, capacity 3246K, committed 3328K, reserved 1048576K
}
Event: 1.198 GC heap after
{Heap after GC invocations=5 (full 0):
 garbage-first heap   total 65536K, used 14210K [0x00000000c0c00000, 0x0000000100000000)
  region size 1024K, 3 young (3072K), 3 survivors (3072K)
 Metaspace       used 28021K, capacity 28444K, committed 28592K, reserved 1075200K
  class space    used 3072K, capacity 3246K, committed 3328K, reserved 1048576K
}
Event: 1.483 GC heap before
{Heap before GC invocations=5 (full 0):
 garbage-first heap   total 65536K, used 38786K [0x00000000c0c00000, 0x0000000100000000)
  region size 1024K, 26 young (26624K), 3 survivors (3072K)
 Metaspace       used 32108K, capacity 32568K, committed 32816K, reserved 1077248K
  class space    used 4023K, capacity 4215K, committed 4224K, reserved 1048576K
}
Event: 1.492 GC heap after
{Heap after GC invocations=6 (full 0):
 garbage-first heap   total 78848K, used 20447K [0x00000000c0c00000, 0x0000000100000000)
  region size 1024K, 4 young (4096K), 4 survivors (4096K)
 Metaspace       used 32108K, capacity 32568K, committed 32816K, reserved 1077248K
  class space    used 4023K, capacity 4215K, committed 4224K, reserved 1048576K
}
Event: 1.674 GC heap before
{Heap before GC invocations=6 (full 0):
 garbage-first heap   total 78848K, used 35807K [0x00000000c0c00000, 0x0000000100000000)
  region size 1024K, 20 young (20480K), 4 survivors (4096K)
 Metaspace       used 35353K, capacity 35811K, committed 35920K, reserved 1081344K
  class space    used 4375K, capacity 4571K, committed 4608K, reserved 1048576K
}
Event: 1.681 GC heap after
{Heap after GC invocations=7 (full 0):
 garbage-first heap   total 78848K, used 20179K [0x00000000c0c00000, 0x0000000100000000)
  region size 1024K, 2 young (2048K), 2 survivors (2048K)
 Metaspace       used 35353K, capacity 35811K, committed 35920K, reserved 1081344K
  class space    used 4375K, capacity 4571K, committed 4608K, reserved 1048576K
}
Event: 1.935 GC heap before
{Heap before GC invocations=8 (full 0):
 garbage-first heap   total 78848K, used 44755K [0x00000000c0c00000, 0x0000000100000000)
  region size 1024K, 27 young (27648K), 2 survivors (2048K)
 Metaspace       used 39768K, capacity 40265K, committed 40400K, reserved 1085440K
  class space    used 4774K, capacity 4965K, committed 4992K, reserved 1048576K
}
Event: 1.941 GC heap after
{Heap after GC invocations=9 (full 0):
 garbage-first heap   total 78848K, used 23497K [0x00000000c0c00000, 0x0000000100000000)
  region size 1024K, 4 young (4096K), 4 survivors (4096K)
 Metaspace       used 39768K, capacity 40265K, committed 40400K, reserved 1085440K
  class space    used 4774K, capacity 4965K, committed 4992K, reserved 1048576K
}
Event: 2.318 GC heap before
{Heap before GC invocations=9 (full 0):
 garbage-first heap   total 78848K, used 50121K [0x00000000c0c00000, 0x0000000100000000)
  region size 1024K, 29 young (29696K), 4 survivors (4096K)
 Metaspace       used 46254K, capacity 46786K, committed 47056K, reserved 1091584K
  class space    used 5478K, capacity 5681K, committed 5760K, reserved 1048576K
}
Event: 2.326 GC heap after
{Heap after GC invocations=10 (full 0):
 garbage-first heap   total 78848K, used 27580K [0x00000000c0c00000, 0x0000000100000000)
  region size 1024K, 3 young (3072K), 3 survivors (3072K)
 Metaspace       used 46254K, capacity 46786K, committed 47056K, reserved 1091584K
  class space    used 5478K, capacity 5681K, committed 5760K, reserved 1048576K
}
Event: 2.526 GC heap before
{Heap before GC invocations=10 (full 0):
 garbage-first heap   total 78848K, used 52156K [0x00000000c0c00000, 0x0000000100000000)
  region size 1024K, 27 young (27648K), 3 survivors (3072K)
 Metaspace       used 47780K, capacity 48250K, committed 48464K, reserved 1091584K
  class space    used 5631K, capacity 5823K, committed 5888K, reserved 1048576K
}
Event: 2.536 GC heap after
{Heap after GC invocations=11 (full 0):
 garbage-first heap   total 98304K, used 33608K [0x00000000c0c00000, 0x0000000100000000)
  region size 1024K, 4 young (4096K), 4 survivors (4096K)
 Metaspace       used 47780K, capacity 48250K, committed 48464K, reserved 1091584K
  class space    used 5631K, capacity 5823K, committed 5888K, reserved 1048576K
}
Event: 2.922 GC heap before
{Heap before GC invocations=11 (full 0):
 garbage-first heap   total 98304K, used 63304K [0x00000000c0c00000, 0x0000000100000000)
  region size 1024K, 33 young (33792K), 4 survivors (4096K)
 Metaspace       used 49847K, capacity 50380K, committed 50640K, reserved 1093632K
  class space    used 5765K, capacity 5956K, committed 6016K, reserved 1048576K
}
Event: 2.938 GC heap after
{Heap after GC invocations=12 (full 0):
 garbage-first heap   total 98304K, used 36864K [0x00000000c0c00000, 0x0000000100000000)
  region size 1024K, 4 young (4096K), 4 survivors (4096K)
 Metaspace       used 49847K, capacity 50380K, committed 50640K, reserved 1093632K
  class space    used 5765K, capacity 5956K, committed 6016K, reserved 1048576K
}
Event: 3.251 GC heap before
{Heap before GC invocations=12 (full 0):
 garbage-first heap   total 98304K, used 66560K [0x00000000c0c00000, 0x0000000100000000)
  region size 1024K, 33 young (33792K), 4 survivors (4096K)
 Metaspace       used 50669K, capacity 51193K, committed 51408K, reserved 1095680K
  class space    used 5795K, capacity 5992K, committed 6016K, reserved 1048576K
}
Event: 3.265 GC heap after
{Heap after GC invocations=13 (full 0):
 garbage-first heap   total 98304K, used 41984K [0x00000000c0c00000, 0x0000000100000000)
  region size 1024K, 5 young (5120K), 5 survivors (5120K)
 Metaspace       used 50669K, capacity 51193K, committed 51408K, reserved 1095680K
  class space    used 5795K, capacity 5992K, committed 6016K, reserved 1048576K
}

